Atlanta,_GA Atlanta,_GA #hiring! Pantry Chef #Hospitality #FoodandBeverage #LosAngeles, CA
Atlanta,_GA Atlanta,_GA Update: Construction #M10Bus Both directions Eighth Avenue:W 57th Street
Atlanta,_GA Atlanta,_GA It's finally starting feel like spring! Toronto, Ontario
Atlanta,_GA Atlanta,_GA Robert Cooke Cooperative Homes Toronto, Ontario
Atlanta,_GA Atlanta,_GA Just cocacola #Entrepreneur #OOTD #FashionMoguls #fullyonfleek #theview #thewave*
Atlanta,_GA Atlanta,_GA Schmo goes one-on-one Legend, James Goldstein. Stay tuned legendary interview*
Atlanta,_GA Atlanta,_GA Super fun spin essential Chicago design concept, complete VIP whisky tastings from*
Atlanta,_GA Atlanta,_GA What's up, Mac Dog? #offthegrid Off Grid
Atlanta,_GA Atlanta,_GA "You Prepare A Table Before Me In Presence Of My Enemies"!! Psalm 23:5
Atlanta,_GA Atlanta,_GA Yea heart cold , i still got sweater.
Atlanta,_GA Atlanta,_GA UT crew! #charliekay University Towers
Atlanta,_GA Atlanta,_GA Brewery tour Samuel Adams Brewery @samueladamsbeer Boston, MA w/ @johnzak)
Atlanta,_GA Atlanta,_GA kaneholler miikesnow @indysf #kainmalaysiamurah #miikesnow nikki Independent
Atlanta,_GA Atlanta,_GA @Pavia_Italian Cuisine Catering Boston, MA
Atlanta,_GA Atlanta,_GA Just posted photo Atlanta-West End
Atlanta,_GA Atlanta,_GA If you're #Nursing professional #Tarzana, CA, check #job: #CareerArc
Atlanta,_GA Atlanta,_GA #nowplaying "The Clearing" superb Rachel Grimes ensemble .What amazing record this*
Atlanta,_GA Atlanta,_GA #hiring! Read Client Executive North Central #Chicago, IL #Sales
Atlanta,_GA Atlanta,_GA sea @DaraJaclyn_ #downtown100 W New York Times Square
Atlanta,_GA Atlanta,_GA @TribecaGrill New York, NY
Atlanta,_GA Atlanta,_GA What Know About Beverly Hills Real Estate Market
Atlanta,_GA Atlanta,_GA Tonight 25th Annual George Wayne Downtown 100, Downtown 100 List Celebration. Here*
Atlanta,_GA Atlanta,_GA Tako Cheena Orlando, FL
Atlanta,_GA Atlanta,_GA Getting setup record next #newrelic #futurestack #podcast today Hope everyone is*
Atlanta,_GA Atlanta,_GA One guess playing! Stud Bar
Atlanta,_GA Atlanta,_GA Bluejays vs Yankees game 2night #toronto Rogers Centre
Atlanta,_GA Atlanta,_GA Accident blocks 3 rightt lanes #NorthSide I-45 N Fwy Inbound Airline, stop go traffic back Aldine Bender, delay 17 mins
Atlanta,_GA Atlanta,_GA Hahaha! somehow knew @pellerinart gonna bus! You should seen his face! T14 Metrobus)
Atlanta,_GA Atlanta,_GA #desperado #rihanna #antiworldtour Air Canada Centre
Atlanta,_GA Atlanta,_GA Good Morning___ __832.620.6071 __220skinnywraps@gmail.com ____________________________ #entrepreneur*
Atlanta,_GA Atlanta,_GA It's show time folks!! #BiraInNYC #BiraAtTribeca #TheManWhoKnewInfinity #Phhhoto #BeerLove @*
Atlanta,_GA Atlanta,_GA A huge loss LA Galaxy it's OK...our special juice kept us happy...and no accidents this*
Atlanta,_GA Atlanta,_GA recommend #IT #Toronto, Ontario #CareerArc
Atlanta,_GA Atlanta,_GA Here's famous guy lya band. #vsco #vscocam #Orlando #NightOfHope Orlando,*
Atlanta,_GA Atlanta,_GA Take ball game!!! Rogers Stadium
Atlanta,_GA Atlanta,_GA Thank everyone showed Art Walk! You guys incredible! Such a*
Atlanta,_GA Atlanta,_GA Coachella fresh #hairbyjaimie #thepowderroomla #3022W.SunsetBLVD #3236612233 Powder Room*
Atlanta,_GA Atlanta,_GA #HouseBusinessCheck 3000 C.R. Smith #orlpol #opd
Atlanta,_GA Atlanta,_GA First selfie sa US A Sleeping Dan. #notavacation LAX American Airlines Terminal 4
Atlanta,_GA Atlanta,_GA @HarrySwartout @SkySwartout @ChaseS19 they*re twenty-year flood teams
Atlanta,_GA Atlanta,_GA Loved in-home #Music #Studio showing property today In #Encino ____________ 1 2 studios*
Atlanta,_GA Atlanta,_GA #Engineering alert: Civil Designer drafter
Atlanta,_GA Atlanta,_GA ABC Carpet Home @abchome New York, NY
Atlanta,_GA Atlanta,_GA Doing emails... Really... Cigar Inn New York, NY)
Atlanta,_GA Atlanta,_GA Cool wooden bench booths add touch privacy warmth #koreanrestaurant*
Atlanta,_GA Atlanta,_GA Brookfield Property Partners: A Hidden Real Estate Gem
Atlanta,_GA Atlanta,_GA Ohhh...Oh! Quanell X house Isiah Factor! We big buddies now! FOX26Houston @KatMcKinley
Atlanta,_GA Atlanta,_GA "Special Cloth Alert .."(____this) #RandomCasualties #DontBeOne #Canon #LA #Dope #photographer*
Atlanta,_GA Atlanta,_GA watched NBA first time. BOS came behind win the*
Atlanta,_GA Atlanta,_GA #rideordie #linkedinlife Top Strand, New York, NY
Atlanta,_GA Atlanta,_GA #CommercialAlarm 5600 Lake Underhill Rd. #orlpol #opd
Atlanta,_GA Atlanta,_GA CAKE ____CAKE ____CAKE Tacconelli's Pizzeria
Atlanta,_GA Atlanta,_GA #Nursing #Philadelphia, PA: Dosimetrist Cancer Treatment Centers America
Atlanta,_GA Atlanta,_GA #AssistFireDept 1301-1338 Orange Blossom Trail. #orlpol #ocso
Atlanta,_GA Atlanta,_GA Pho-King Best Pho Rua Vang Golden Turtle Restaurant
Atlanta,_GA Atlanta,_GA Don't Your Love #duranduran duranduran Philips Arena
Atlanta,_GA Atlanta,_GA Beautiful morning you're sun morning babe____ _________________________________ #yoga*
Atlanta,_GA Atlanta,_GA It's #Friday we made some candied hazelnut dark chocolate cookies! @maysvillenyc*
Atlanta,_GA Atlanta,_GA #BusinessMgmt might fit you: Chief Financial Officer #Houston, TX #CareerArc
Atlanta,_GA Atlanta,_GA #Atlanta, GA #Nonprofit Parks Worker City Atlanta
Atlanta,_GA Atlanta,_GA Red Sox game two faves Fenway Park
Atlanta,_GA Atlanta,_GA Celebrating Neo/club. Happy (early) birthday @abenjammn Grooves Restaurant Lounge
Atlanta,_GA Atlanta,_GA @SPQRFillmore San Francisco, CA
Atlanta,_GA Atlanta,_GA #godmoments#thenewblackwallstreet West Side
Atlanta,_GA Atlanta,_GA shake off. {cotton candy sweet n salty #milkshake @blacktapnyc}
Atlanta,_GA Atlanta,_GA #BAYCHELLA Bay Bridge
Atlanta,_GA Atlanta,_GA 'Sup? #dinosaurbutt #titanosaur #amnh American Museum Natural History
Atlanta,_GA Atlanta,_GA Spanish collection fernandoalberto_atelier. #weddingdress, #bride, #wedding, #fashion,*
Atlanta,_GA Atlanta,_GA #raisethemacallan Michigan visitors. Morgan Manufacturing
Atlanta,_GA Atlanta,_GA Grove Los Angeles, CA w/ @ali__almusalam
Atlanta,_GA Atlanta,_GA Right now Wild Friday night beautiful SEXY LADIES ALL OVER right now TURN UP FOR CHECK MIX MY*
Atlanta,_GA Atlanta,_GA #Healthcare #Chicago, IL: Pharmacy Technician CVS Health #CareerArc
Atlanta,_GA Atlanta,_GA Students #nhsjc interested learning @medillschool #Northwestern? Join us for*
Atlanta,_GA Atlanta,_GA @Staples Harlem, NY
Atlanta,_GA Atlanta,_GA #Blackhawks
Atlanta,_GA Atlanta,_GA 2__nd beer feeling chill____ lol__________________ Monster Bar Nyc
Atlanta,_GA Atlanta,_GA #hiring! Stores Shoe Associate Melrose Store #10- Houston, TX #Retail #HOUSTON, TX
Atlanta,_GA Atlanta,_GA Recuerda hoy jueves Noche de Damas de 8:00pm 10:00pm , las damas toman gratis en el bar,*
Atlanta,_GA Atlanta,_GA If know know love Kirk Franklin's music obsession song in*
Atlanta,_GA Atlanta,_GA Retail Cosmetics Sales Counter Manager Benefit, Full Time:... Macy's Beauty: (#Northridge, CA) #Sales
Atlanta,_GA Atlanta,_GA proud say crossed one items my*
Atlanta,_GA Atlanta,_GA #Battery S Magnolia Ave E Pine 32801 (4/16 01:25) #Orlando #CentralBusinessDistrict
Atlanta,_GA Atlanta,_GA Yasmany Tomas: not look athletic
Atlanta,_GA Atlanta,_GA Closure #QueensboroBridge EB Manhattan Side Queens Side
Atlanta,_GA Atlanta,_GA Tonight it's going #DiscotecaDTLA @congaroom @mega963fm broadcasting live! jammed #packed*
Atlanta,_GA Atlanta,_GA J'ai le plaisir et l'honneur d'*tre l'Ambassadrice Style de Newlook pour la 2eme ann*e*
Atlanta,_GA Atlanta,_GA Life not problem solved, reality experienced .*
Atlanta,_GA Atlanta,_GA Favorite Health Care Staffing #Nursing Registered Nurse
Atlanta,_GA Atlanta,_GA Party 1 (at @HojokoBoston Boston, MA)
Atlanta,_GA Atlanta,_GA Dinner BIBBLES #Ceviche #cebiche #Peruvian #PioPio #Food #foodie #love #heritage*
Atlanta,_GA Atlanta,_GA #happy #colorful #friday #spring #aroundthecorner Boston, Massachusetts
Atlanta,_GA Atlanta,_GA #usmc #graduation Marine Corps Recruit Depot San Diego
Atlanta,_GA Atlanta,_GA #Retail alert: Seasonal Temporary Store Associate
Atlanta,_GA Atlanta,_GA "TURN ON THE LIGHTS." #tbt LACMA Los Angeles County Museum Art
Atlanta,_GA Atlanta,_GA #HouseBusinessCheck 830 Orange Blossom Trail. #orlpol #opd
Atlanta,_GA Atlanta,_GA You never see this. Apple Store, Eaton Centre Toronto, ON)
Atlanta,_GA Atlanta,_GA Happy weekend, Lincoln Square! Lincoln Square Neighborhood
Atlanta,_GA Atlanta,_GA Warm Potato Salad
Atlanta,_GA Atlanta,_GA #LosAngeles, CA click Cardiac OR #TravelNurse #Nursing
Atlanta,_GA Atlanta,_GA wayneclarkdesign #lifetimeachievement award @cafawards #fashionnights #fashionismylife*
Atlanta,_GA Atlanta,_GA Ready todays debut! #72U #spinphony 72andSunny
Atlanta,_GA Atlanta,_GA #hiring! assistant store manager Los Angeles #Retail #LosAngeles, California #Veterans
Atlanta,_GA Atlanta,_GA #Legal might fit you: Legal Assistant Licenses Permits #Katy, TX #CareerArc
Atlanta,_GA Atlanta,_GA Closed Homeless Concerns 909 Minna Case closed. case duplicate. per dpw duplicate.
Atlanta,_GA Atlanta,_GA call her ramenbae Jinya Ramen Bar
Atlanta,_GA Atlanta,_GA #OrlandoFree CURB ALERT Free mid-century loveseat (Orlando)
Atlanta,_GA Atlanta,_GA A #constructionworker poses #worksite #washingtondc 's #ivycity.*
Atlanta,_GA Atlanta,_GA When boys 11. Toronto, Ontario
Atlanta,_GA Atlanta,_GA When boys 11. Toronto, Ontario
Atlanta,_GA Atlanta,_GA City stay rockin! #sanfranciscodays #sanfrancisco #realsf #415day Dolores Park
Atlanta,_GA Atlanta,_GA #bye #Chicago Chicago Midway International Airport (MDW) Chicago, IL)
Atlanta,_GA Atlanta,_GA Early Saturday I'd rather running. #TMC #mhh Memorial Hermann Hospital Medical*
Atlanta,_GA Atlanta,_GA #hiring! Retail Allocator #BusinessMgmt #NewYork, NY #CareerArc
Atlanta,_GA Atlanta,_GA Business Buddies. Sales Steaks. Friday nights ___________. (fill the*
Atlanta,_GA Atlanta,_GA #Friday #evening #losangeles Pershing Square
Atlanta,_GA Atlanta,_GA Try cream cheese, walnut florentine, carrot ginger sorbet #cream #menu
Atlanta,_GA Atlanta,_GA Get your tickets Mos Def!!! ________________ Music Box
Atlanta,_GA Atlanta,_GA Yas Quartet performs last movement Hadyn's op.33 string quartet. Roosevelt University
Atlanta,_GA Atlanta,_GA Incident #FranklinDRooseveltDrive SB East 91st Street
Atlanta,_GA Atlanta,_GA 2835 West Fargo Avenue
Atlanta,_GA Atlanta,_GA roll #TFF like #THESTAYCATIONERS x thompsonhotels #hotellife*
Atlanta,_GA Atlanta,_GA Legal Jobs JDHuntr 16380 Senior Attorney -... In-House Counsel Jobs
Atlanta,_GA Atlanta,_GA #Streetz945atl #pantherpalooza16 #georgiastateuniversity @1future Georgia State University
Atlanta,_GA Atlanta,_GA I'll take late afternoon meeting guys anytime #natitude Nationals Park
Atlanta,_GA Atlanta,_GA best kind. Washington Square Park
Atlanta,_GA Atlanta,_GA It felt rewarding present research today____ #huresearchweek2016 Howard University
Atlanta,_GA Atlanta,_GA Thank @mileycyrus #spinningupmoreservers Artsy
Atlanta,_GA Atlanta,_GA It's time @dodgers baseball Jackie Robinson day!!!! #dodgers #jackierobinsonday #42 #mlb*
Atlanta,_GA Atlanta,_GA Spontaneous trips Coachella side kick. #2015cochella__ @*
Atlanta,_GA Atlanta,_GA 16810 Fowler Pines Dr, Humble, TX 77346, $446,200 4 beds, 3 baths
Atlanta,_GA Atlanta,_GA What happens when talk smack mascot Philly @AlexHolleyFOX29
Atlanta,_GA Atlanta,_GA put words time had experiencing Disney Universal (namely Harry Potter*
Atlanta,_GA Atlanta,_GA recommend Class A Lineman Transmission #Atlanta, GA #Utilities #CareerArc
Atlanta,_GA Atlanta,_GA #Manufacturing #SANDIEGO, CA: Scaler Select Staffing #CareerArc
Atlanta,_GA Atlanta,_GA So much light! #youwillneverstealmyshine River Side Park By The*
Atlanta,_GA Atlanta,_GA Went visit Abe lunch break__ #ihaterunning #diditanyway Washington, District of*
Atlanta,_GA Atlanta,_GA Superb Joe's Seafood, Prime Steak Stone Crab @joeschicago Chicago, IL)
Atlanta,_GA Atlanta,_GA Farewell now Webster Hall
Atlanta,_GA Atlanta,_GA 67 days.... #Summer #equinoxmademedoit Equinox Park Avenue
Atlanta,_GA Atlanta,_GA Faith-stirring talks over coffee. #myfavorite #morning #relationships #friends #coffee Aroma*
Atlanta,_GA Atlanta,_GA Empire State Of Mind #nyc #empirestatebuilding #view #newyork #bigtop #fromthebottom*
Atlanta,_GA Atlanta,_GA #Transportation might fit you: Parts Delivery #SANDIEGO, CA #CareerArc
Atlanta,_GA Atlanta,_GA #SanDiego, CA? View opening: #Retail #CareerArc
Atlanta,_GA Atlanta,_GA My body chosen art form. flattered can inspire someone pursuit their*
Atlanta,_GA Atlanta,_GA T O N G H T
Atlanta,_GA Atlanta,_GA Spicy sugared almonds coming kitchen today
Atlanta,_GA Atlanta,_GA Dropping spider Hamburgers Mary's Orlando, FL)
Atlanta,_GA Atlanta,_GA First Orlando.... Then world. MURDERED performance tonight Caboose Lounge!*
Atlanta,_GA Atlanta,_GA My partner crime!marlijnhoek Thank love! Minha companheira de crime!*
Atlanta,_GA Atlanta,_GA Barista (US) Starbucks: (200 WEST 54TH ST, #NEWYORK, NY) #Hospitality #Veterans #CareerArc
Atlanta,_GA Atlanta,_GA Meet @magiccityatl today #AfterWorkWindDown @djwebbz turn up. Magic*
Atlanta,_GA Atlanta,_GA What happens when ingredients mix together? TY @AlbrightMS @ALX_Adventurers @MiliLaff #alxStarWarsSTEMNight
Atlanta,_GA Atlanta,_GA Me girl c.pow fenwaypark #redsoxopeningday2016 Fenway Park
Atlanta,_GA Atlanta,_GA Graffiti iphone 145 Fell
Atlanta,_GA Atlanta,_GA Ain't no throwback Living moment!!! #navanav #dowhatyoulove #begreat #music #fashion*
Atlanta,_GA Atlanta,_GA instagram contest back! time it's earth day themed! Hash tag your conservation and*
Atlanta,_GA Atlanta,_GA Lunchtime Caesars! Lakeview Restaurant @lakeview_lunch Toronto, ON w/ @stevium)
Atlanta,_GA Atlanta,_GA i'm changed person Raclette
Atlanta,_GA Atlanta,_GA #VerbalDisturbance 2200-2499 Dardanelle Dr. #orlpol #ocso
Atlanta,_GA Atlanta,_GA SPRING IS IN THE AIR
Atlanta,_GA Atlanta,_GA Demostraci*n de amor en una tienda de c*mics en Nueva York Midtown Comics Times Square
Atlanta,_GA Atlanta,_GA 18418 Teal Creek Dr, Humble, TX 77346, $312,000 5 beds, 4 baths
Atlanta,_GA Atlanta,_GA Fire (Commercial/industrial) Queen b/w Dovercourt Road Lisgar St, Toronto Trucks)
Atlanta,_GA Atlanta,_GA #SanFrancisco, CA click Staff Nurse II 4 South Cardiology(PAC)... #Nursing
Atlanta,_GA Atlanta,_GA Just posted photo N. 3rd Restaurant
Atlanta,_GA Atlanta,_GA 59 Morton Street, Manhattan
Atlanta,_GA Atlanta,_GA Interested #Healthcare near #Orlando, FL? fit: #CareerArc
Atlanta,_GA Atlanta,_GA @TheRoofNy New York, NY
Atlanta,_GA Atlanta,_GA LA streets #lastreets Los Angeles, California
Atlanta,_GA Atlanta,_GA BSick Ballpark__ Phillies Game Citizen's Bank Park
Atlanta,_GA Atlanta,_GA challanges.. #bts #moments #movie #greatcrew #reharsal #makeupartist #makeup #hair*
Atlanta,_GA Atlanta,_GA #elcapitantheatre RICHARD SHERMAN! disneythejunglebook El Capitan Theatre
Atlanta,_GA Atlanta,_GA inakanaturalfoods
Atlanta,_GA Atlanta,_GA "The Lord Is With Me"!! Psalm 118:6
Atlanta,_GA Atlanta,_GA Therapeutic Thursday: Hypo-mobile Thoracic spine one biggest linchpin movements that*
Atlanta,_GA Atlanta,_GA recommend #SocialSciences #SanDiego, CA #Veterans #CareerArc
Atlanta,_GA Atlanta,_GA It honor judge some pretty kick a** business concepts highly impressive*
Atlanta,_GA Atlanta,_GA #hiring! Read Digital Program Manager #TheCreativeGroup #Atlanta, GA
Atlanta,_GA Atlanta,_GA Join Kelly Services team! #Manufacturing #KellyJobs #HarborCity, CA
Atlanta,_GA Atlanta,_GA After productive business meeting, weekend start girl boy*
Atlanta,_GA Atlanta,_GA Celebrating #spring #raw #pickled #steamed #vegetables #peahummus #romesco #gribiche*
Atlanta,_GA Atlanta,_GA 18103 Pagemill Point Ln, Humble, TX 77346, $98,804 4 beds, 2 baths
Atlanta,_GA Atlanta,_GA #Legal might fit you: In-House Counsel Jobs Jdhuntr 16429 General Counsel,...
Atlanta,_GA Atlanta,_GA Join Dell team! #Sales #delljobs #Atlanta, GA #CareerArc
Atlanta,_GA Atlanta,_GA Oh yeah____!!! Taqueria El Farolito San Francisco, CA)
Atlanta,_GA Atlanta,_GA Thank @vkingsla tickets! Kershaw vs. MadBum must see!_____ #jackierobinsonday*
Atlanta,_GA Atlanta,_GA ..At 11:11 made wish.. #Whataburger #HoneyButterChickemBiscuit #HBCB #DirtySouth #FatBoy*
Atlanta,_GA Atlanta,_GA Helicopter around NYC__ Liberty Helicopters
Atlanta,_GA Atlanta,_GA Dolores Park
Atlanta,_GA Atlanta,_GA Final studio model undergrad Ryerson Architecture Building
Atlanta,_GA Atlanta,_GA @MrPinoy1224 congrats again!!
Atlanta,_GA Atlanta,_GA @SushiBurrito Granada Hills Gourmet Food Trucks Explosion (Food Trucks Row))
Atlanta,_GA Atlanta,_GA Jet lag 6.30am walk around Central Park Central Park
Atlanta,_GA Atlanta,_GA Join Kelly Services team! #IT #KellyJobs #KellyServices #WoodlandHills, CA
Atlanta,_GA Atlanta,_GA Sushi combo lunch Sushi H #sushi #weho #beverlyhills Sushi H
Atlanta,_GA Atlanta,_GA Some guys i sorta met Thursday. #DragQueen #DragQueens #NYCDrag #NYCDragQueen #NYCDragQueens*
Atlanta,_GA Atlanta,_GA Breathtaking views 34th floor Bonavista Revolving Lounge Westin Bonaventure Hotel
Atlanta,_GA Atlanta,_GA Macy's Retail? #hiring #SanFrancisco, CA! details: #IT #CareerArc
Atlanta,_GA Atlanta,_GA ____Our famous "Pineapple Seafood"... Mixture seafood prepares flavored light cream with*
Atlanta,_GA Atlanta,_GA Mar y naturaleza... Es dif*cil creer que a*n est* en #SanFrancisco Lands End, Point Lobos, San*
Atlanta,_GA Atlanta,_GA _____ .. _____*
Atlanta,_GA Atlanta,_GA #Tulipmania has reached National Gallery Art #igdc #dc #nga National Gallery Art
Atlanta,_GA Atlanta,_GA Pedicabs lined waiting passengers @centralparknyc #CentralPark #NYC #pedicab Central*
Atlanta,_GA Atlanta,_GA #Houston, TX? View opening: #Healthcare
Atlanta,_GA Atlanta,_GA Aerotek? #hiring #LosAngeles, CA! details: #Construction
Atlanta,_GA Atlanta,_GA recommend Managed Services Consultant (DC) #Washington, DC #IT
Atlanta,_GA Atlanta,_GA Mood. #LittleEdie #GreyGardens Mortville
Atlanta,_GA Atlanta,_GA ONIOCHALASIA____ #vsco #vscocam #vscotoronto #vscoph #facetune #potd #ootd #photograph*
Atlanta,_GA Atlanta,_GA If recognize what holding respect Swiss*tel Chicago
Atlanta,_GA Atlanta,_GA Had (mini) reunion fam. Sunbathing usual, smh. #seals #____ #____ PIER 39
Atlanta,_GA Atlanta,_GA wow!!! foto ancestral....desde el Empire State Building y de*
Atlanta,_GA Atlanta,_GA Tarascas International Chicago, IL
Atlanta,_GA Atlanta,_GA PUT THE CAMERA HORIZONTAL MA WE NEED A WIDE LENSE FOR ALL THIS GLORIOUSNESS #GORILLA _*
Atlanta,_GA Atlanta,_GA It's always someone trying stop great. ____________
Atlanta,_GA Atlanta,_GA #fbf time #sfcherryblossomfestival x2serendipity hellobrookie killed*
Atlanta,_GA Atlanta,_GA Excited game day @orlandocitysc #ocsc Boessel Hotel
Atlanta,_GA Atlanta,_GA Had such amazing day dime. Downtown Los Angeles
Atlanta,_GA Atlanta,_GA Beautiful evening Beaches Boardwalk people? Ashbridge's Bay
Atlanta,_GA Atlanta,_GA Here one last night since tags disappeared! #love #cool #instacool*
Atlanta,_GA Atlanta,_GA recommend #Education #ShermanOaks, CA #CareerArc
Atlanta,_GA Atlanta,_GA SJR32 [NEW] A joint resolution provide limitations transfer certain United States munitions the...
Atlanta,_GA Atlanta,_GA People asking snapchat DM's is! DANCINKARL :) getting better*
Atlanta,_GA Atlanta,_GA #Healthcare might fit you: Physical Therapist (PT) Home...
Atlanta,_GA Atlanta,_GA Congrats warrior's breaking bulls record tho. Houston Astros Minute Maid Park
Atlanta,_GA Atlanta,_GA #HouseBusinessCheck Lee Vista Blvd Contessa Dr. #orlpol #opd
Atlanta,_GA Atlanta,_GA Always proud Boston. #onebostonday Boston, Massachusetts
Atlanta,_GA Atlanta,_GA #hiring! Read Registered Nurse Travel RN #Chicago, IL #Healthcare
Atlanta,_GA Atlanta,_GA One favourite things night go studio learning how play songs.*
Atlanta,_GA Atlanta,_GA ________ California State University, Northridge (CSUN) Northridge, CA)
Atlanta,_GA Atlanta,_GA Toronto Public Library Dufferin/St. Clair Branch @torontolibrary Toronto, ON
Atlanta,_GA Atlanta,_GA #hiring! Read Patient Care Technician-Philadelphia, PA (Central)
Atlanta,_GA Atlanta,_GA 86th floor
Atlanta,_GA Atlanta,_GA Checked Dodger Stadium #dodgers vs #sfgiants game w/
Atlanta,_GA Atlanta,_GA #Theft 400 S Orange Ave 32801 (4/15 20:19) #Orlando #CentralBusinessDistrict
Atlanta,_GA Atlanta,_GA mind tellin nooo, body, body telling yesssss #bumpandgrind
Atlanta,_GA Atlanta,_GA Fire Drill! (at @TimeInc New York, NY w/ @editorialiste)
Atlanta,_GA Atlanta,_GA Spring gala-ing... #triplets #whycbs #whydidiusethathashtag Cipriani Wall Street
Atlanta,_GA Atlanta,_GA @coalitionbuildr checking State American Labor Unions Today panel @ncbcp_bwr*
Atlanta,_GA Atlanta,_GA #hiring! Administrative Support #Clerical #SanDiego, CA #CareerArc
Atlanta,_GA Atlanta,_GA Hey Good morning.. You can say back like.. Hey today After Work @amilkargp come rock*
Atlanta,_GA Atlanta,_GA #hiring! Read Shift Supervisor (US) #Hospitality #Veterans #CareerArc
Atlanta,_GA Atlanta,_GA Moleke Maloqueiro #mclon #chapaquente #explode @mclon_oficial @*
Atlanta,_GA Atlanta,_GA Prospect Washington, D.C.
Atlanta,_GA Atlanta,_GA Had bourbon barrel aged, never lone Hellfighter. Expla... (Hellfighter Imperial Porter)
Atlanta,_GA Atlanta,_GA Sometimes small. #drums #music #gypsysallys #theoldmain #ludwig #meinl @*
Atlanta,_GA Atlanta,_GA You've come long way, baby!
Atlanta,_GA Atlanta,_GA Bell ball @maisie_williams tonight her #tff premier #devilinthedeepbluesea #hair*
Atlanta,_GA Atlanta,_GA #westchelsea #composer #composerlife #contemporarycomposer #contemporaryclassical*
Atlanta,_GA Atlanta,_GA Incident #AllTrains Both directions New York Penn Station
Atlanta,_GA Atlanta,_GA Bestie reunion!!!!!!! ____(Plus m'darlin) #buckheadevenings #stcecilia Cecilia
Atlanta,_GA Atlanta,_GA Cabo Cantina Los Angeles, CA)
Atlanta,_GA Atlanta,_GA Celebrating #EmancipationDay! We came visit MLK! ;)*
Atlanta,_GA Atlanta,_GA Hold ya'll weekend almost here!#happyfriday #taxseason #midnightexpression*
Atlanta,_GA Atlanta,_GA sugar rush. @roomtogrow_org akilah108 #rtgbenefit #tribecathreesixty Three Sixty Degrees
Atlanta,_GA Atlanta,_GA Opening Ceremony New York, NY
Atlanta,_GA Atlanta,_GA Hogwarts hang time no hogwash #wizards #harrypotter #universalstudios #LA #castles #wander*
Atlanta,_GA Atlanta,_GA recommend Mechanic Line #SanDiego, CA #SkilledTrade
Atlanta,_GA Atlanta,_GA @stizzyleftlane @YungBossKJ #HardRockCafe #Underrated Boston, Massachusetts
Atlanta,_GA Atlanta,_GA Dr. Boo hard today, looking dapper must say. Time Square Nyc
Atlanta,_GA Atlanta,_GA H3921 [Enroll] Establishing sick leave bank Brian Sheehan, employee Middlesex County Sheriff's Of...
Atlanta,_GA Atlanta,_GA Hope see guys your kids bloomingdales today! I'll personalizing delseyofficial*
Atlanta,_GA Atlanta,_GA ______________Just another morning Atlanta ______________ #trafficjam #seaofred #morningcommute*
Atlanta,_GA Atlanta,_GA Red carpet "Devil Deep Blue Sea" _____ #tribeca2016 #tribecafilmfestival*
Atlanta,_GA Atlanta,_GA Viendo el Empire State Building... Macy's Herald Square
Atlanta,_GA Atlanta,_GA #BusinessMgmt #Houston, TX: Director Development Foundations Corporate
Atlanta,_GA Atlanta,_GA had celebrate upcoming warm-weather weekend some delicious @bangbangpie Pie*
Atlanta,_GA Atlanta,_GA Just posted photo Pupuseria La Casita De Don Carlos
Atlanta,_GA Atlanta,_GA Shooting Issues crown empire tonight. No one ok rock though. #sad Phoenix Concert Theatre Toronto, ON)
Atlanta,_GA Atlanta,_GA Got check set @newgirlonfox! Everyone "Hey girl whatchu doin'? Hey girl-*
Atlanta,_GA Atlanta,_GA Dollar General Corporation? #hiring IN! details:
Atlanta,_GA Atlanta,_GA Schiller Shissler Group received award presented national conference. #ChicagoRealEstate
Atlanta,_GA Atlanta,_GA Family #Affair Set "Art mirror souls" Please help musical production on*
Atlanta,_GA Atlanta,_GA Passion pays off. #love #art #new #money #motivation #music #business #pot #livemusic #fashion*
Atlanta,_GA Atlanta,_GA EXACTLY what body needed!! #3ohm2 #NamasteSnitches (at @YogatothePeople)
Atlanta,_GA Atlanta,_GA Drinking Green Line Pale Ale @GooseIsland Giordano's
Atlanta,_GA Atlanta,_GA It's Game Increments
Atlanta,_GA Atlanta,_GA Drinking Gingerbread Stout @hardywood @luckysmanayunk
Atlanta,_GA Atlanta,_GA Look little lady enjoying some sun park. #dcpark #dc #igdc Adam's Morgan DC
Atlanta,_GA Atlanta,_GA At VIP Latina Business Council Amigas4MySoul Luncheon Coca-Cola Bottling Co. Los*
Atlanta,_GA Atlanta,_GA Baba Ghanooj Los Angeles, CA w/ @m7mad_al_hajri)
Atlanta,_GA Atlanta,_GA #Repost @juanpablodipace #hbstudio #hbstudionyc Part one fun podcast interview is*
Atlanta,_GA Atlanta,_GA Showed him video cat dressed like pirate. Even cheer him up. LA Zoo
Atlanta,_GA Atlanta,_GA Diane Rehm interviewed her son, David Rehm, yesterday, kick-off @storycorps Mobile*
Atlanta,_GA Atlanta,_GA Made it! #oculus #wtc gleaming white beautiful! Oculus
Atlanta,_GA Atlanta,_GA #ifyouaintgetcapturedthenyougotskipped #streetfootball2016 #cm4life*
Atlanta,_GA Atlanta,_GA Touch NEW YORK .....emekaukazu1 congrats gee new ride tings New York, New York
Atlanta,_GA Atlanta,_GA In #philly night see #iggypop #joshhomme #postpopdepressiontour with*
Atlanta,_GA Atlanta,_GA Closed Street Lights 469 Washington Case resolved. replaced led acorn.
Atlanta,_GA Atlanta,_GA CGI: Cashier (#Washington, DC) #ProjectMgmt #CareerArc
Atlanta,_GA Atlanta,_GA OTD 1912: Sinking RMS Titanic Tribune published extra edition news
Atlanta,_GA Atlanta,_GA Big bruh. Sunset Blvd, Hollywood
Atlanta,_GA Atlanta,_GA Mocha/Raspberry Iced Latte (at @DunkinDonuts Philadelphia, PA)
Atlanta,_GA Atlanta,_GA Funny non stop entertaining movie! Check weekend #TBT #BarberShop3*
Atlanta,_GA Atlanta,_GA If you're #Hospitality professional #Houston, TX, check #job:
Atlanta,_GA Atlanta,_GA #hiring! Read Senior HR Manager Corporate #HR
Atlanta,_GA Atlanta,_GA Quick pics Perry Ellis
Atlanta,_GA Atlanta,_GA *Qui*n dice que los estadounidenses no les interesa la pol*tica? #elections2016
Atlanta,_GA Atlanta,_GA Eliza, Francesca, Stephen Billy! #survivor live know Alls! #rhap awesome! Carolines*
Atlanta,_GA Atlanta,_GA @grevindev recording some percussion new album past Monday. And yes, we use*
Atlanta,_GA Atlanta,_GA Even working home, gotta get caffeine. :) Starbucks San Diego, CA)
Atlanta,_GA Atlanta,_GA Check new #mystique sandals spring summer Gisele Tune Clothing Store
Atlanta,_GA Atlanta,_GA #atthenightshow @rihanna Air Canada Centre
Atlanta,_GA Atlanta,_GA duh Lindo Guadalajara Chicago, IL)
Atlanta,_GA Atlanta,_GA Just posted photo Battery Park By Water
Atlanta,_GA Atlanta,_GA _____ _____ ____________ _____ Venice LA. _____ @*
Atlanta,_GA Atlanta,_GA Good food, cold beer, friends, okay fries; note self next time tots. Graffiti Junktion)
Atlanta,_GA Atlanta,_GA Interested #Marketing near #CHATSWORTH, CA? fit: #CareerArc
Atlanta,_GA Atlanta,_GA Doggie smiles favorite! #doghotel #boarding #suitelife #doglovers #dogsofinstagram*
Atlanta,_GA Atlanta,_GA Save date! Sunday, May 8 2 PM. #mikuexpo #bnmiramesa #bnsandiego #bnbookpassion #anime*
Atlanta,_GA Atlanta,_GA Peony Tulips #flower #flowersoninstagram #flowers #houstonflowers #houstonflorist Westside*
Atlanta,_GA Atlanta,_GA #chicago #illinois #windycity #travelingram Downtown Chicago
Atlanta,_GA Atlanta,_GA recommend #Retail #NewYork, NY #CareerArc
Atlanta,_GA Atlanta,_GA #hiring! Read Registered Nurse (RN) /...
Atlanta,_GA Atlanta,_GA JAJAJA esas caras Unquillo, Cordoba, Argentina
Atlanta,_GA Atlanta,_GA #wgww #houston #houstondj #dj #femaledj #electro #jam #boondocks @boondockshtx Good times. __________*
Atlanta,_GA Atlanta,_GA Find shadows #RogerMuntu #naomiachu #teamnosleep #voiceofamerica Voice America VOA
Atlanta,_GA Atlanta,_GA Me time #cheerstolife #relaxing Cabrillo Beach
Atlanta,_GA Atlanta,_GA Viernes de nuevo!! __#toronto #turo Toronto, Ontario
Atlanta,_GA Atlanta,_GA #Charlestown, Massachusetts? View opening: #IT #CareerArc
Atlanta,_GA Atlanta,_GA #hiring! AVP, NAIC Projects #Actuarial #insurance #Toronto, ON
Atlanta,_GA Atlanta,_GA Great laughs long time dearest friend Damien sooooo happy see you! Xo #friends*
Atlanta,_GA Atlanta,_GA #letsgohawks #wegotthis #blackhawks #lgh #gohawks Blackfinn Ameripub
Atlanta,_GA Atlanta,_GA From Laker nation Thank @kobebryant 20 years memories! Your last game*
Atlanta,_GA Atlanta,_GA "Opportunity get lit" #summersixteen #bigrings #nicethings #aigagala #aigadesign*
Atlanta,_GA Atlanta,_GA Got live dumpling lucillebitterman macmayhan jhmoore3 #youdimsumyoulosesome Nom Wah Tea*
Atlanta,_GA Atlanta,_GA "Social Insects #1" Simryn Gill. #simryngill #tracywilliamsltd Tracy Williams, LTD
Atlanta,_GA Atlanta,_GA Been long day. Good night everyone. West Side Chicago!
Atlanta,_GA Atlanta,_GA Visited Georgia Aquarium, awesome, got probably best souvenir time*
Atlanta,_GA Atlanta,_GA #INDIA: @DJPrithvi x @EvokOfficial "Oceans"
Atlanta,_GA Atlanta,_GA birthday girl, @drMcCoy_theDJ!! Skate swag!! Rink Chicago
Atlanta,_GA Atlanta,_GA #Washington, DC? View opening: #Nursing #CareerArc
Atlanta,_GA Atlanta,_GA #Repost @ufc repostapp. Congrats New Yorkers! They it! #MMA2NY Madison*
Atlanta,_GA Atlanta,_GA You'll never know find new inspiration. It's since included myself in*
Atlanta,_GA Atlanta,_GA Papa Cristo's Catering Greek Taverna @papa_cristo Los Angeles, CA
Atlanta,_GA Atlanta,_GA @ernievicente Hey Ern totally impressive shows youve world needs replacement Mr. Williams.
Atlanta,_GA Atlanta,_GA Charles Schwab? #hiring #Chicago, IL! details: #IT #Veterans
Atlanta,_GA Atlanta,_GA #NY #NYC #Fightfor15 #FastFoodForward #Strikefastfood W New York Times Square
Atlanta,_GA Atlanta,_GA Madhouse Madison
Atlanta,_GA Atlanta,_GA I*m incredibly blessed friendship guy standing next me. Never life*
Atlanta,_GA Atlanta,_GA #DomesticDisturbance 100 S Hughey Ave 32801 (4/14 20:20) #Orlando #HoldenParramore
Atlanta,_GA Atlanta,_GA SOLD OUT comedykapow @120diner! stoked featured show! 120 Diner
Atlanta,_GA Atlanta,_GA If you're #Sales professional #SanFrancisco, CA, check #job: #CareerArc
Atlanta,_GA Atlanta,_GA 3141 West Fargo Avenue
Atlanta,_GA Atlanta,_GA At #setlife #actor #RussDun #TV #menwithstyle #dappermen #sunsetgowerstudios Loving the*
Atlanta,_GA Atlanta,_GA Work work. Dodger Stadium @mlb Los Angeles, CA)
Atlanta,_GA Atlanta,_GA @owenalchemy looking chic mornings event. moniquejonespr entertaining_co*
Atlanta,_GA Atlanta,_GA #mcnyc #yiddishtheater Zero Mostels original costume fiddler roof looks lot like*
Atlanta,_GA Atlanta,_GA #hiring! Read Team Member Cook #CHICAGO, IL
Atlanta,_GA Atlanta,_GA Team USA Baseball South Texas!!!! E
Atlanta,_GA Atlanta,_GA If you're #Legal professional #SanFrancisco, CA, check #job: #CareerArc
Atlanta,_GA Atlanta,_GA New FAE ARCHAIC just arrived Mission: Comics Art
Atlanta,_GA Atlanta,_GA Singer, meet finger!!!!! want laugh your butts off, go*
Atlanta,_GA Atlanta,_GA #fashionfriday @adidasy3, yes please! #yohjiyamamoto adidas Sick Collabo! #shoegametight @*
Atlanta,_GA Atlanta,_GA #hiring! Read QA Lead Houston, TX+ #Houston, TX #IT #CareerArc
Atlanta,_GA Atlanta,_GA #PrayForJapan__ They had another earthquake morning 7.1 Praying everyone alright___
Atlanta,_GA Atlanta,_GA ...literally went Harry Potter ride x2 #bestride #harrypotter*
Atlanta,_GA Atlanta,_GA Just posted photo Oakwood Toluca Hills
Atlanta,_GA Atlanta,_GA #Battery 1600-1799 24th #orlpol #ocso
Atlanta,_GA Atlanta,_GA #Trespasser 4000-4099 Columbia #orlpol #ocso
Atlanta,_GA Atlanta,_GA when you're really tryna catch angle... #sittingontopoftheworld w
Atlanta,_GA Atlanta,_GA Memorial Hermann #Nursing New Grad RN Nurse Residency (#Houston, TX) #CareerArc
Atlanta,_GA Atlanta,_GA Heroes come go, legends forever. Thank Kobe!*
Atlanta,_GA Atlanta,_GA "And though little, fierce." ~Shakespeare Resident
Atlanta,_GA Atlanta,_GA Here Chinese Chamber Commerce Jing Fong Restaurant _____ @jingfongny New York, NY)
Atlanta,_GA Atlanta,_GA Carmine's New York, NY
Atlanta,_GA Atlanta,_GA Border San Francisco/Daly City Daly City, CA
Atlanta,_GA Atlanta,_GA San Diego Gulls Hockey San Diego, CA
Atlanta,_GA Atlanta,_GA #MELVINS Webster Hall
Atlanta,_GA Atlanta,_GA Robert Half Finance Accounting: Payroll Supervisor/Manager/Director (#Chicago, IL) #Accounting
Atlanta,_GA Atlanta,_GA @kardinalo 1s 2s #cafa2016 #toronto #canadianfashion #afterparty Fairmont Royal*
Atlanta,_GA Atlanta,_GA Frozen Greek yogurt, olive oil sea salt... One life's simple pleasures. Treat yo self.*
Atlanta,_GA Atlanta,_GA One year ago asked Sam marry me. And ever since life has completely transformed for*
Atlanta,_GA Atlanta,_GA Tacaya. #Trejismo Union Square, San Francisco
Atlanta,_GA Atlanta,_GA No, your New York City pet deer cannot enter patisserie. Maison Kayser
Atlanta,_GA Atlanta,_GA NY photo Fredi Guaraca _____ #nycphotographer #nyc #newyork #photography #nyinwheels*
Atlanta,_GA Atlanta,_GA L7 weenies Fenway Park
Atlanta,_GA Atlanta,_GA Starbucks Houston, TX
Atlanta,_GA Atlanta,_GA A little Harpoon enhance already dope game. #HarpoonBrewery #BostonRedSox #RedSox @*
Atlanta,_GA Atlanta,_GA These consolation prizes lovely Maureen NOT able run Monday. Worth*
Atlanta,_GA Atlanta,_GA Clothespin Statue Philadelphia, PA
Atlanta,_GA Atlanta,_GA #hiring! Read Quality Control Inspector (Manufacturing) #Orlando, FL
Atlanta,_GA Atlanta,_GA Just FDR. Frankin Roosevelt Memorial
Atlanta,_GA Atlanta,_GA #Banking might fit you: Technology-Sr. Credit Officer #Boston, MA
Atlanta,_GA Atlanta,_GA Football Rubber Key Cap OFFICIAL Christmas Xmas Birthday Gift
Atlanta,_GA Atlanta,_GA like mother, like daughter creekside, woodlands TX
Atlanta,_GA Atlanta,_GA Ripley's Aquarium Canada
Atlanta,_GA Atlanta,_GA #hiring! Read Sales Operations Management Training Program...
Atlanta,_GA Atlanta,_GA Yay!!! Me!!! #Repost jamesbane repostapp. Excitement!!!! new host of*
Atlanta,_GA Atlanta,_GA Closed Litter 76a Appleton Case resolved. said location bag picked up.
Atlanta,_GA Atlanta,_GA BOGO Family Nights Wizard Oz National Theatre
Atlanta,_GA Atlanta,_GA #FacilitiesMgmt #Boston, MA: Lead Maintenance Technician AvalonBay #nowhiring
Atlanta,_GA Atlanta,_GA abc13eyewitness MS 150 early morning everyone __is getting ready GO_ @13PhotogWillie
Atlanta,_GA Atlanta,_GA 5 gram 8ths till 3am! #420 #weed #cannabiscommunity #cannabis #mmj Vencie Beach
Atlanta,_GA Atlanta,_GA Clark Atlanta University
Atlanta,_GA Atlanta,_GA @yoyo_ma #EmanuelAx playing five #beethoven #cello concertos assured beauty &amp;*
Atlanta,_GA Atlanta,_GA Verlaine Bar Lounge @verlainenyc New York, NY
Atlanta,_GA Atlanta,_GA Our youth had day @aftrschoolmttrs staff keep grinding! #beststaff*
Atlanta,_GA Atlanta,_GA Showtime @davidbanner #georgesmusic Promontory
Atlanta,_GA Atlanta,_GA #happyaniversary #happywifehappylife Angelini Osteria
Atlanta,_GA Atlanta,_GA View way lunch San Francisco, California
Atlanta,_GA Atlanta,_GA @nicobraun_ lol how season went mate?! Lol
Atlanta,_GA Atlanta,_GA weareamericannightmare @coldcave23 thank you! New songs great! #americannightmare Echo
Atlanta,_GA Atlanta,_GA 'We patient' Attawapiskat crisis, Ontario Health Minister Hoskins says
Atlanta,_GA Atlanta,_GA #Healthcare might fit you: Regional Manager #Houston, TX
Atlanta,_GA Atlanta,_GA Roots Salon @rootsmontrose Houston, TX
Atlanta,_GA Atlanta,_GA Project week almost wrapped up! Good feeling move ticket "completed" #BuilderOfThings*
Atlanta,_GA Atlanta,_GA meee lol #condom #lol #aprilfools #funnyvines #goodnight #nochill #followme #vines*
Atlanta,_GA Atlanta,_GA Samson C03U Multi-Pattern USB Mic Review Test By: Bandrew Scott
Atlanta,_GA Atlanta,_GA Hey guys! Griffith Observatory
Atlanta,_GA Atlanta,_GA eff Chase! dad coulda struggled w/ tights prince. nooo, much funnier big hairy guy drag
Atlanta,_GA Atlanta,_GA Los Angeles International Airport (LAX) @flylaxairport Los Angeles, CA)
Atlanta,_GA Atlanta,_GA #IT might fit you: Software Engineer #NewYork, NY
Atlanta,_GA Atlanta,_GA #SuspiciousPerson I-4 W W South 32801 (4/16 06:02) #Orlando #CentralBusinessDistrict
Atlanta,_GA Atlanta,_GA Friday night bartending shenanigans! (at @Innjoy Chicago, IL)
Atlanta,_GA Atlanta,_GA THE OFFICIAL PLAY AFTER THE #TxSuSpringFest CONCERT APRIL 16th !! #WhatsAfterPlies ____*
Atlanta,_GA Atlanta,_GA We got champagne problems Only one way solve 'em Raising glass cause it's loss With*
Atlanta,_GA Atlanta,_GA [__ New York Stock Exchange, New York, NY _______, --kph, --, 0m,
Atlanta,_GA Atlanta,_GA cuter!? #Melrose #Punk #Dog #cutedogs #LosAngeles #hollywood #photo #animals #pets*
Atlanta,_GA Atlanta,_GA Celebration celebration #fuckthegiants #godoyers Dodger Stadium
Atlanta,_GA Atlanta,_GA Keep calm happy @christisothers Crystals Grand Hyatt New York
Atlanta,_GA Atlanta,_GA @dannyixxi , killed tonight @themodclub #torontotalent #r&amp;b #vocalsonfleek #jamband #the6ix*
Atlanta,_GA Atlanta,_GA Thursday Vibes #Love #LA Echo Park Lake
Atlanta,_GA Atlanta,_GA Who had Best #Diss #Song? #2Pac #Nas #Jay-Z #NotoriousBig #IceCube Chicago, Illinois
Atlanta,_GA Atlanta,_GA SOUL+JOURNEY
Atlanta,_GA Atlanta,_GA Early Mornin' jogs w fur child Baker Beach
Atlanta,_GA Atlanta,_GA Cannoli time. (at @MikesPastry Boston, MA)
Atlanta,_GA Atlanta,_GA Place awesome! RT *@Chicagoist: New Logan Square Bar Will Make You Love Mezcal:
Atlanta,_GA Atlanta,_GA LOKILLO ENTERTAINMENT ITS AT VACCA LOUNGE DINE, DRINK, TURN UP AND PARTY WITH ME _____FRIDAY,*
Atlanta,_GA Atlanta,_GA #everything #dope #everythingdope #rockets #rednation #Nba #nbaplayoffs #Letsgoooooooooooo*
Atlanta,_GA Atlanta,_GA A better view treadmill. #no filter. Join us Central Park 5K Fun Run! M,W,&amp;F*
Atlanta,_GA Atlanta,_GA recommend AEM Senior Business Analyst #Chicago, IL #BusinessMgmt
Atlanta,_GA Atlanta,_GA @rihanna All Of Lights #antiworldtour Air Canada Centre
Atlanta,_GA Atlanta,_GA #AttemptedSuicide 100 S Hughey Ave 32801 (4/16 03:47) #Orlando #HoldenParramore
Atlanta,_GA Atlanta,_GA love neighborhood. #outsideisfree Via Marisol Park
Atlanta,_GA Atlanta,_GA Celebrating Bachelorette! Prior level function: sober @*
Atlanta,_GA Atlanta,_GA Yet another new awesome pin jacket!!________ #pingame #pins #cute #kawaii #style #fashion*
Atlanta,_GA Atlanta,_GA If you're #Transportation professional #Houston, TX, check #job:
Atlanta,_GA Atlanta,_GA Lombard Street San Francisco, CA
Atlanta,_GA Atlanta,_GA #SOUTHBEACHSATURDAYS #WALIWUU__ #STREETBOSSES #REALFAMMENT South Beach Restauran Lounge*
Atlanta,_GA Atlanta,_GA Just posted photo Wizarding World Harry Potter Universal Studios Hollywood
Atlanta,_GA Atlanta,_GA TGIF! It's going tonight Lexington Bar! Come hear sing! Starts 8pm &amp;*
Atlanta,_GA Atlanta,_GA recommend #Sales #SanDiego, CA #CareerArc
Atlanta,_GA Atlanta,_GA Here's tonight's guest speakers screening Jumbo Wild! Mia Monroe, Park Ranger the*
Atlanta,_GA Atlanta,_GA 1 9! Bout time! #1 #braves #atlanta #atlantabraves #mlb #cut4 #tomahawkshotgun #atl @*
Atlanta,_GA Atlanta,_GA Taller Tower!! #nofilter #nofoolin #park #play Toronto Music Garden
Atlanta,_GA Atlanta,_GA Dis Faka waiting outside tonight when pau work. #Hawaii #808 #aiea #kamehameha*
Atlanta,_GA Atlanta,_GA Sutro Heights Park
Atlanta,_GA Atlanta,_GA Curmudgeon survives! We still pours left 2013 Founders Curmudgeon -$8/10oz*
Atlanta,_GA Atlanta,_GA Random #bowie tribute. #nyc Bond Street
Atlanta,_GA Atlanta,_GA Back 30 Rock. NYC Whats up. Rockefeller Center
Atlanta,_GA Atlanta,_GA My dawg @drudetheartist #Peepin #PeepinVideoShoot Follow @houston2media Right Touch Detail*
Atlanta,_GA Atlanta,_GA #firstlady #canada #primeministerswife #sophie @cafawards #fashionnights #fashionismylife*
Atlanta,_GA Atlanta,_GA Alhamdulilah, finished first year Uni! Anywhoooo summer*
Atlanta,_GA Atlanta,_GA Hawai'i looking hire teachers mainland. Any takers?
Atlanta,_GA Atlanta,_GA House Blues LINE COOKS HOUSE OF BLUES (#Houston, Tx) #Hospitality #Veterans #CareerArc
Atlanta,_GA Atlanta,_GA TONIGHT @beautybarnyc -- Happy Hour 6:30-11 pm: indie, new wave, post punk, soul, etc __*
Atlanta,_GA Atlanta,_GA 1400 S Michigan Gym Chicago, IL
Atlanta,_GA Atlanta,_GA SR PATIENT LIAISON Houston Methodist West Hospital: (#Houston, TX) #CareerArc
Atlanta,_GA Atlanta,_GA Bangs #hairbysammyoliver #redhead #lorealprofessionnel #SF #sfsalon #hairstylist #randcohair @*
Atlanta,_GA Atlanta,_GA I've done lot cool things, love far coolest thing that's ever happened me.
Atlanta,_GA Atlanta,_GA Dell? #hiring #Chicago, IL! details: #BusinessMgmt #delljobs
Atlanta,_GA Atlanta,_GA Today perfect day love coffee today
Atlanta,_GA Atlanta,_GA HEARTBEAT Jonathan Horan
Atlanta,_GA Atlanta,_GA @giaskova #modeling #model Joshua Shultz's Photography
Atlanta,_GA Atlanta,_GA Delaware North: Supervisor (#Atlanta, GA) #Hospitality #CareerArc
Atlanta,_GA Atlanta,_GA moment, when #spotify (a.k.a. Robot) suggests Arvo P*rtfor fo'*
Atlanta,_GA Atlanta,_GA @Cattvision ????????
Atlanta,_GA Atlanta,_GA (Ars): A Disney Space Station? It No Longer Seems Like Such Goofy Idea
Atlanta,_GA Atlanta,_GA Thanks @kevondoylejones emergechange kicking #SOCAP365 @impacthubnyc! Impact Hub NYC
Atlanta,_GA Atlanta,_GA Join BMC Software team! #IT #WorkAtBMC #Houston, TX
Atlanta,_GA Atlanta,_GA #Trendsetter @themarjacobs trending #malepolish #JINstagram JINsoon Hand Foot Spa
Atlanta,_GA Atlanta,_GA LanguageLine Solutions? #hiring #Houston, TX! details: #interpreter #bilingual
Atlanta,_GA Atlanta,_GA #wonderful Los Angeles, California
Atlanta,_GA Atlanta,_GA Hogwartz! Wizarding World Harry Potter Universal Studios Hollywood
Atlanta,_GA Atlanta,_GA *But his delight law LORD, And His law he meditates day night. He shall*
Atlanta,_GA Atlanta,_GA Today's view Salesforce HQ :) Salesforce
Atlanta,_GA Atlanta,_GA Lil doodle @cumbiamachin Im DJing @theDISCOpunk @thelocalsd #MrSticker aka*
Atlanta,_GA Atlanta,_GA Sfballet Program 7 Justin Peck: countenance kings War Memorial Opera House San Francisco, CA)
Atlanta,_GA Atlanta,_GA Antenna performing El Taller #SpringSounds #GrowingUnderGround #BeautyEverywhere*
Atlanta,_GA Atlanta,_GA Having glass wine waiting ballerina... Muka
Atlanta,_GA Atlanta,_GA Interested #Art near #Westside, CA? fit: #CareerArc
Atlanta,_GA Atlanta,_GA Happy #Rustlord_CityView Weekend Center City Philly
Atlanta,_GA Atlanta,_GA Long Island 2016!!!! Citizens Bank Park
Atlanta,_GA Atlanta,_GA RG emoleecheneats: time #numpang #peppercorn #catfish #bahnmi! ________ that*
Atlanta,_GA Atlanta,_GA #pale #bangs #lob #bluntcut #vintagelove #goodnight #girlies Los Angeles,*
Atlanta,_GA Atlanta,_GA An introduction dry shampoo
Atlanta,_GA Atlanta,_GA #LosAngeles, CA click RN Operating Room #Nursing #CareerArc
Atlanta,_GA Atlanta,_GA #GeneralDisturbance 409 N Magnolia Ave. #orlpol #opd
Atlanta,_GA Atlanta,_GA #NYFW #modeloffduty kirstinliljegren Milk Studios
Atlanta,_GA Atlanta,_GA Entertainment #justinbieber #Team #purposeworldtour2016*
Atlanta,_GA Atlanta,_GA #TheStruggleIsReal #GradSchoolGrind #GradSchoolProblems #GraduateScholar #GradSchool #RealTalk @*
Atlanta,_GA Atlanta,_GA Good morning!!!! 290 Eisenhower
Atlanta,_GA Atlanta,_GA Down town LA @djdannig #freedom #fly #jump #downtown #LA #downtownLA #trowback #funk #feelfree*
Atlanta,_GA Atlanta,_GA CVS Health? #hiring #LaJolla, CA! details: #Retail #CareerArc
Atlanta,_GA Atlanta,_GA recommend Training Content Specialist #Chicago, IL #Education #CareerArc
Atlanta,_GA Atlanta,_GA her attitude Rihanna #ANTIWorldTour Air Canada Centre
Atlanta,_GA Atlanta,_GA Murphy's Law (837 Summer St., South Boston) failed check 2nd time. Details:
Atlanta,_GA Atlanta,_GA Out Odd Market Autry Museum tonight until 11! Food Trucks, live band, kid zone,*
Atlanta,_GA Atlanta,_GA "As i open eyes" beautiful film... Too deep !!! Tribeca Film*
Atlanta,_GA Atlanta,_GA Closed due demonstration #Philadelphia Broad Both NB/SB W Girard Ave Spg Garden #traffic
